[02:48:37] [ServerMain/INFO]: Environment: authHost='https://authserver.mojang.com', accountsHost='https://api.mojang.com', sessionHost='https://sessionserver.mojang.com', servicesHost='https://api.minecraftservices.com', name='PROD'
[02:48:37] [ServerMain/INFO]: Found new data pack file/bukkit, loading it automatically
[02:48:40] [ServerMain/INFO]: Loaded 7 recipes
[02:48:40] [Server thread/INFO]: Starting minecraft server version 1.20
[02:48:40] [Server thread/INFO]: Loading properties
[02:48:41] [Server thread/INFO]: This server is running Paper version git-Paper-17 (MC: 1.20) (Implementing API version 1.20-R0.1-SNAPSHOT) (Git: c287e92)
[02:48:41] [Server thread/INFO]: Server Ping Player Sample Count: 12
[02:48:41] [Server thread/INFO]: Using 4 threads for Netty based IO
[02:48:41] [Server thread/INFO]: [ChunkTaskScheduler] Chunk system is using 1 I/O threads, 1 worker threads, and gen parallelism of 1 threads
[02:48:41] [Server thread/WARN]: [!] The timings profiler has been enabled but has been scheduled for removal from Paper in the future.
    We recommend installing the spark profiler as a replacement: https://spark.lucko.me/
    For more information please visit: https://github.com/PaperMC/Paper/issues/8948
[02:48:41] [Server thread/INFO]: Default game type: SURVIVAL
[02:48:41] [Server thread/INFO]: Generating keypair
[02:48:41] [Server thread/INFO]: Starting Minecraft server on *:25565
[02:48:41] [Server thread/INFO]: Using epoll channel type
[02:48:41] [Server thread/INFO]: Paper: Using libdeflate (Linux x86_64) compression from Velocity.
[02:48:41] [Server thread/INFO]: Paper: Using OpenSSL 1.1.x (Linux x86_64) cipher from Velocity.
[02:48:41] [Server thread/INFO]: Preparing level "world"
[02:49:00] [Server thread/INFO]: Preparing start region for dimension minecraft:overworld
[02:49:00] [Server thread/INFO]: Time elapsed: 287 ms
[02:49:00] [Server thread/INFO]: Preparing start region for dimension minecraft:the_nether
[02:49:00] [Server thread/INFO]: Time elapsed: 171 ms
[02:49:00] [Server thread/INFO]: Preparing start region for dimension minecraft:the_end
[02:49:00] [Server thread/INFO]: Time elapsed: 150 ms
[02:49:00] [Server thread/INFO]: Running delayed init tasks
[02:49:00] [Server thread/INFO]: Done (19.769s)! For help, type "help"
[02:49:00] [Server thread/INFO]: Timings Reset
[02:49:00] [Server thread/INFO]: Stopping the server
[02:49:00] [Server thread/INFO]: Stopping server
[02:49:00] [Server thread/INFO]: Saving players
[02:49:01] [Server thread/INFO]: Saving worlds
[02:49:01] [Server thread/INFO]: Saving chunks for level 'ServerLevel[world]'/minecraft:overworld
[02:49:01] [Server thread/INFO]: [ChunkHolderManager] Waiting 60s for chunk system to halt for world 'world'
[02:49:01] [Server thread/INFO]: [ChunkHolderManager] Halted chunk system for world 'world'
[02:49:01] [Server thread/INFO]: [ChunkHolderManager] Saving all chunkholders for world 'world'
[02:49:03] [Server thread/INFO]: [ChunkHolderManager] Saved 792 block chunks, 1 entity chunks, 0 poi chunks in world 'world' in 2.42s
[02:49:03] [Server thread/INFO]: ThreadedAnvilChunkStorage (world): All chunks are saved
[02:49:03] [Server thread/INFO]: Saving chunks for level 'ServerLevel[world_nether]'/minecraft:the_nether
[02:49:03] [Server thread/INFO]: [ChunkHolderManager] Waiting 60s for chunk system to halt for world 'world_nether'
[02:49:03] [Server thread/INFO]: [ChunkHolderManager] Halted chunk system for world 'world_nether'
[02:49:03] [Server thread/INFO]: [ChunkHolderManager] Saving all chunkholders for world 'world_nether'
[02:49:05] [Server thread/INFO]: [ChunkHolderManager] Saved 1521 block chunks, 1 entity chunks, 0 poi chunks in world 'world_nether' in 1.95s
[02:49:05] [Server thread/INFO]: ThreadedAnvilChunkStorage (DIM-1): All chunks are saved
[02:49:05] [Server thread/INFO]: Saving chunks for level 'ServerLevel[world_the_end]'/minecraft:the_end
[02:49:05] [Server thread/INFO]: [ChunkHolderManager] Waiting 60s for chunk system to halt for world 'world_the_end'
[02:49:05] [Server thread/INFO]: [ChunkHolderManager] Halted chunk system for world 'world_the_end'
[02:49:05] [Server thread/INFO]: [ChunkHolderManager] Saving all chunkholders for world 'world_the_end'
[02:49:06] [Server thread/INFO]: [ChunkHolderManager] Saved 1582 block chunks, 1 entity chunks, 0 poi chunks in world 'world_the_end' in 1.06s
[02:49:06] [Server thread/INFO]: ThreadedAnvilChunkStorage (DIM1): All chunks are saved
[02:49:06] [Server thread/INFO]: ThreadedAnvilChunkStorage: All dimensions are saved
[02:49:06] [Server thread/INFO]: Flushing Chunk IO
[02:49:06] [Server thread/INFO]: Closing Thread Pool
[02:49:06] [Server thread/INFO]: Closing Server
